<?xml version="1.0" encoding="UTF-8"?>
<!-- Generated by org.testng.reporters.JUnitReportReporter -->
<testsuite hostname="DESKTOP-PBG5J0N" failures="0" tests="1" name="testngpkg.fileuploadguru" time="0.214" errors="0" timestamp="2024-09-18T11:52:15 IST" skipped="0">
  <testcase classname="testngpkg.fileuploadguru" name="test" time="0.214"/>
  <system-out/>
</testsuite> <!-- testngpkg.fileuploadguru -->
