<?xml version="1.0" encoding="UTF-8"?>
<!-- Generated by org.testng.reporters.JUnitReportReporter -->
<testsuite hostname="DESKTOP-PBG5J0N" failures="0" tests="4" name="testngpkg.testngdemo" time="0.018" errors="0" timestamp="2024-09-05T12:44:54 IST" skipped="0">
  <testcase classname="testngpkg.testngdemo" name="test2" time="0.001"/>
  <system-out/>
  <testcase classname="testngpkg.testngdemo" name="test1" time="0.011"/>
  <system-out/>
  <testcase classname="testngpkg.testngdemo" name="test1" time="0.005"/>
  <system-out/>
  <testcase classname="testngpkg.testngdemo" name="test5" time="0.001"/>
  <system-out/>
</testsuite> <!-- testngpkg.testngdemo -->
