<?xml version="1.0" encoding="UTF-8"?>
<!-- Generated by org.testng.reporters.JUnitReportReporter -->
<testsuite hostname="DESKTOP-PBG5J0N" failures="0" tests="2" name="testngpkg.jansyaqsn" time="20.623" errors="0" timestamp="2024-09-19T13:33:33 IST" skipped="0">
  <testcase classname="testngpkg.jansyaqsn" name="linkverification" time="10.922"/>
  <system-out/>
  <testcase classname="testngpkg.jansyaqsn" name="test" time="9.701"/>
  <system-out/>
</testsuite> <!-- testngpkg.jansyaqsn -->
