<?xml version="1.0" encoding="UTF-8"?>
<!-- Generated by org.testng.reporters.JUnitReportReporter -->
<testsuite hostname="DESKTOP-PBG5J0N" failures="0" tests="1" name="testpackagepom.createtest" time="3.369" errors="0" timestamp="2024-09-25T13:18:35 IST" skipped="0">
  <testcase classname="testpackagepom.createtest" name="createpagetest" time="3.369"/>
  <system-out/>
</testsuite> <!-- testpackagepom.createtest -->
