<?xml version="1.0" encoding="UTF-8"?>
<!-- Generated by org.testng.reporters.JUnitReportReporter -->
<testsuite hostname="DESKTOP-PBG5J0N" failures="0" tests="1" name="testngpkg.draganddrop" time="1.450" errors="0" timestamp="2024-09-10T12:43:14 IST" skipped="0">
  <testcase classname="testngpkg.draganddrop" name="test" time="1.450"/>
  <system-out/>
</testsuite> <!-- testngpkg.draganddrop -->
