<?xml version="1.0" encoding="UTF-8"?>
<!-- Generated by org.testng.reporters.JUnitReportReporter -->
<testsuite hostname="DESKTOP-PBG5J0N" failures="0" tests="1" name="extendreports" time="3.080" errors="0" timestamp="2024-09-23T12:56:57 IST" skipped="0">
  <testcase classname="extendreports" name="fbtitleverification" time="3.080"/>
  <system-out/>
</testsuite> <!-- extendreports -->
