<?xml version="1.0" encoding="UTF-8"?>
<!-- Generated by org.testng.reporters.JUnitReportReporter -->
<testsuite hostname="DESKTOP-PBG5J0N" failures="0" tests="1" name="testngpkg.fileuploadrobot" time="3.281" errors="0" timestamp="2024-09-18T12:29:30 IST" skipped="0">
  <testcase classname="testngpkg.fileuploadrobot" name="test" time="3.281"/>
  <system-out/>
</testsuite> <!-- testngpkg.fileuploadrobot -->
