<?xml version="1.0" encoding="UTF-8"?>
<!-- Generated by org.testng.reporters.JUnitReportReporter -->
<testsuite hostname="DESKTOP-PBG5J0N" failures="0" tests="1" name="testngpkg.clickpgm" time="0.582" errors="0" timestamp="2024-09-09T12:17:16 IST" skipped="0">
  <testcase classname="testngpkg.clickpgm" name="test" time="0.582"/>
  <system-out/>
</testsuite> <!-- testngpkg.clickpgm -->
