<?xml version="1.0" encoding="UTF-8"?>
<!-- Generated by org.testng.reporters.JUnitReportReporter -->
<testsuite hostname="DESKTOP-PBG5J0N" failures="0" tests="1" name="testngpkg.copypaste" time="0.592" errors="0" timestamp="2024-09-09T11:38:35 IST" skipped="0">
  <testcase classname="testngpkg.copypaste" name="test" time="0.592"/>
  <system-out/>
</testsuite> <!-- testngpkg.copypaste -->
