<?xml version="1.0" encoding="UTF-8"?>
<!-- Generated by org.testng.reporters.JUnitReportReporter -->
<testsuite hostname="DESKTOP-PBG5J0N" failures="0" tests="1" name="testngpkg.ebaypgm" time="2.620" errors="0" timestamp="2024-09-09T13:26:00 IST" skipped="0">
  <testcase classname="testngpkg.ebaypgm" name="test" time="2.620"/>
  <system-out/>
</testsuite> <!-- testngpkg.ebaypgm -->
